<?xml version="1.0" encoding="UTF-8"?>
<testng-results skipped="0" failed="0" total="1" passed="1">
  <reporter-output>
  </reporter-output>
  <suite name="AutmationTestJenkins" duration-ms="16692" started-at="2021-04-17T03:42:13Z" finished-at="2021-04-17T03:42:30Z">
    <groups>
    </groups>
    <test name="openPractice" duration-ms="16692" started-at="2021-04-17T03:42:13Z" finished-at="2021-04-17T03:42:30Z">
      <class name="autotTest.task.openPractice">
        <test-method status="PASS" signature="closeIt()[pri:0, instance:autotTest.task.openPractice@696f0212]" name="closeIt" is-config="true" duration-ms="185" started-at="2021-04-16T23:42:30Z" finished-at="2021-04-16T23:42:30Z">
          <reporter-output>
          </reporter-output>
        </test-method> <!-- closeIt -->
      </class> <!-- autotTest.task.openPractice -->
      <class name="autotTest.task.openPractice$RegisterEmailEtsy">
        <test-method status="PASS" signature="beforeMyMethod()[pri:0, instance:autotTest.task.openPractice$RegisterEmailEtsy@f478a81]" name="beforeMyMethod" is-config="true" duration-ms="4717" started-at="2021-04-16T23:42:13Z" finished-at="2021-04-16T23:42:18Z">
          <reporter-output>
          </reporter-output>
        </test-method> <!-- beforeMyMethod -->
        <test-method status="PASS" signature="lookItem()[pri:0, instance:autotTest.task.openPractice$RegisterEmailEtsy@f478a81]" name="lookItem" duration-ms="11765" started-at="2021-04-16T23:42:18Z" description="Search items" finished-at="2021-04-16T23:42:30Z">
          <reporter-output>
          </reporter-output>
        </test-method> <!-- lookItem -->
      </class> <!-- autotTest.task.openPractice$RegisterEmailEtsy -->
    </test> <!-- openPractice -->
  </suite> <!-- AutmationTestJenkins -->
</testng-results>
